<?xml version="1.0" encoding="UTF-8"?>
<!-- Generated by org.testng.reporters.JUnitXMLReporter -->
<testsuite ignored="0" hostname="RAFIQ-PARALLEL" failures="0" tests="2" name="functionaltest" time="18.689" errors="0" timestamp="21 May 2023 01:18:56 GMT">
  <testcase classname="io.cucumber.testng.AbstractTestNGCucumberTests" name="runScenario" time="10.315"/>
  <testcase classname="io.cucumber.testng.AbstractTestNGCucumberTests" name="runScenario" time="7.4"/>
</testsuite> <!-- functionaltest -->
