<?xml version="1.0" encoding="UTF-8"?>
<!-- Generated by org.testng.reporters.JUnitXMLReporter -->
<testsuite ignored="0" hostname="RAFIQ-PARALLEL" failures="0" tests="2" name="functionaltest" time="18.285" errors="0" timestamp="21 May 2023 01:20:25 GMT">
  <testcase classname="io.cucumber.testng.AbstractTestNGCucumberTests" name="runScenario" time="9.769"/>
  <testcase classname="io.cucumber.testng.AbstractTestNGCucumberTests" name="runScenario" time="7.411"/>
</testsuite> <!-- functionaltest -->
