<?xml version="1.0" encoding="UTF-8"?>
<testng-results ignored="0" total="2" passed="2" failed="0" skipped="0">
  <reporter-output>
  </reporter-output>
  <suite started-at="2023-05-21T01:18:38Z" name="Suite1" finished-at="2023-05-21T01:18:56Z" duration-ms="18689">
    <groups>
      <group name="cucumber">
        <method signature="AbstractTestNGCucumberTests.runScenario(io.cucumber.testng.PickleWrapper, io.cucumber.testng.FeatureWrapper)[pri:0, instance:com.usa.runner.MyRunner@4ef37659]" name="runScenario" class="io.cucumber.testng.AbstractTestNGCucumberTests"/>
      </group> <!-- cucumber -->
    </groups>
    <test started-at="2023-05-21T01:18:38Z" name="functionaltest" finished-at="2023-05-21T01:18:56Z" duration-ms="18689">
      <class name="com.usa.runner.MyRunner">
        <test-method is-config="true" signature="setUpClass()[pri:0, instance:com.usa.runner.MyRunner@4ef37659]" started-at="2023-05-21T01:18:38Z" name="setUpClass" finished-at="2023-05-21T01:18:38Z" duration-ms="672" status="PASS">
          <reporter-output>
          </reporter-output>
        </test-method> <!-- setUpClass -->
        <test-method signature="runScenario(io.cucumber.testng.PickleWrapper, io.cucumber.testng.FeatureWrapper)[pri:0, instance:com.usa.runner.MyRunner@4ef37659]" started-at="2023-05-21T01:18:38Z" name="runScenario" description="Runs Cucumber Scenarios" data-provider="scenarios" finished-at="2023-05-21T01:18:49Z" duration-ms="10315" status="PASS">
          <params>
            <param index="0">
              <value>
                <![CDATA["User can login to the application with valid credentials and purchase the specific men's jacket."]]>
              </value>
            </param>
            <param index="1">
              <value>
                <![CDATA["Optional[valid user can purchase the men jacket.]"]]>
              </value>
            </param>
          </params>
          <reporter-output>
          </reporter-output>
        </test-method> <!-- runScenario -->
        <test-method signature="runScenario(io.cucumber.testng.PickleWrapper, io.cucumber.testng.FeatureWrapper)[pri:0, instance:com.usa.runner.MyRunner@4ef37659]" started-at="2023-05-21T01:18:49Z" name="runScenario" description="Runs Cucumber Scenarios" data-provider="scenarios" finished-at="2023-05-21T01:18:56Z" duration-ms="7400" status="PASS">
          <params>
            <param index="0">
              <value>
                <![CDATA["User can login to the application with valid credentials and purchase the specific men's jacket."]]>
              </value>
            </param>
            <param index="1">
              <value>
                <![CDATA["Optional[valid user can purchase the men jacket.]"]]>
              </value>
            </param>
          </params>
          <reporter-output>
          </reporter-output>
        </test-method> <!-- runScenario -->
        <test-method is-config="true" signature="tearDownClass()[pri:0, instance:com.usa.runner.MyRunner@4ef37659]" started-at="2023-05-21T01:18:56Z" name="tearDownClass" finished-at="2023-05-21T01:18:56Z" duration-ms="247" status="PASS">
          <reporter-output>
          </reporter-output>
        </test-method> <!-- tearDownClass -->
      </class> <!-- com.usa.runner.MyRunner -->
    </test> <!-- functionaltest -->
  </suite> <!-- Suite1 -->
</testng-results>
